<?xml version="1.0" encoding="UTF-8"?>
<!-- Generated by org.testng.reporters.JUnitXMLReporter -->
<testsuite hostname="DESKTOP-RA626OV" ignored="0" name="Single Hero Fight" tests="11" failures="0" timestamp="2020-08-18T17:57:14 IST" time="4.031" errors="0">
  <testcase name="api_01_VerifyListOfHeroes" time="3.119" classname="com.test_classes.ListOfHeroesTest"/>
  <testcase name="api_02_VerifyOneHeroDetails" time="0.083" classname="com.test_classes.GetOneHeroTest"/>
  <testcase name="api_03_VerifyAddingSingleHeroToFight" time="0.323" classname="com.test_classes.add_hero_to_fight.AddSingleHeroToFightTest"/>
  <testcase name="api_03_VerifyAddingSingleHeroToFight" time="0.033" classname="com.test_classes.add_hero_to_fight.AddSingleHeroToFightTest"/>
  <testcase name="api_03_VerifyAddingSingleHeroToFight" time="0.029" classname="com.test_classes.add_hero_to_fight.AddSingleHeroToFightTest"/>
  <testcase name="api_03_VerifyAddingSingleHeroToFight" time="0.027" classname="com.test_classes.add_hero_to_fight.AddSingleHeroToFightTest"/>
  <testcase name="api_03_VerifyAddingSingleHeroToFight" time="0.038" classname="com.test_classes.add_hero_to_fight.AddSingleHeroToFightTest"/>
  <testcase name="api_03_VerifyAddingSingleHeroToFight" time="0.051" classname="com.test_classes.add_hero_to_fight.AddSingleHeroToFightTest"/>
  <testcase name="api_03_VerifyAddingSingleHeroToFight" time="0.088" classname="com.test_classes.add_hero_to_fight.AddSingleHeroToFightTest"/>
  <testcase name="api_07_VerifyMakeHeroFight" time="0.053" classname="com.test_classes.make_them_fight.FightWithSingleHeroTest"/>
  <testcase name="api_10_VerifyResetFight" time="0.047" classname="com.test_classes.ResetTheFightTest"/>
</testsuite> <!-- Single Hero Fight -->
