<?xml version="1.0" encoding="UTF-8"?>
<!-- Generated by org.testng.reporters.JUnitXMLReporter -->
<testsuite hostname="DESKTOP-RA626OV" ignored="0" name="Make A Fight Between 2 Heroes" tests="8" failures="0" timestamp="2020-08-18T17:57:15 IST" time="0.441" errors="0">
  <testcase name="api_01_VerifyListOfHeroes" time="0.042" classname="com.test_classes.ListOfHeroesTest"/>
  <testcase name="api_02_VerifyOneHeroDetails" time="0.081" classname="com.test_classes.GetOneHeroTest"/>
  <testcase name="api_04_VerifyAddingTwoHeroesToFight" time="0.023" classname="com.test_classes.add_hero_to_fight.AddTwoHeroesToFightTest"/>
  <testcase name="api_04_VerifyAddingTwoHeroesToFight" time="0.025" classname="com.test_classes.add_hero_to_fight.AddTwoHeroesToFightTest"/>
  <testcase name="api_04_VerifyAddingTwoHeroesToFight" time="0.028" classname="com.test_classes.add_hero_to_fight.AddTwoHeroesToFightTest"/>
  <testcase name="api_04_VerifyAddingTwoHeroesToFight" time="0.021" classname="com.test_classes.add_hero_to_fight.AddTwoHeroesToFightTest"/>
  <testcase name="api_08_VerifyMakeHeroFight" time="0.027" classname="com.test_classes.make_them_fight.FightBetweenTwoHeroesTest"/>
  <testcase name="api_10_VerifyResetFight" time="0.17" classname="com.test_classes.ResetTheFightTest"/>
</testsuite> <!-- Make A Fight Between 2 Heroes -->
