<?xml version="1.0" encoding="UTF-8"?>
<!-- Generated by org.testng.reporters.JUnitXMLReporter -->
<testsuite hostname="DESKTOP-RA626OV" ignored="0" name="Make A Fight Between 4 Heroes" tests="11" failures="0" timestamp="2020-08-18T17:57:16 IST" time="0.226" errors="0">
  <testcase name="api_01_VerifyListOfHeroes" time="0.026" classname="com.test_classes.ListOfHeroesTest"/>
  <testcase name="api_02_VerifyOneHeroDetails" time="0.027" classname="com.test_classes.GetOneHeroTest"/>
  <testcase name="api_06_VerifyAddingMoreThanThreeHeroesToFight" time="0.022" classname="com.test_classes.add_hero_to_fight.AddMoreThanThreeHeroesToFightTest"/>
  <testcase name="api_06_VerifyAddingMoreThanThreeHeroesToFight" time="0.019" classname="com.test_classes.add_hero_to_fight.AddMoreThanThreeHeroesToFightTest"/>
  <testcase name="api_06_VerifyAddingMoreThanThreeHeroesToFight" time="0.02" classname="com.test_classes.add_hero_to_fight.AddMoreThanThreeHeroesToFightTest"/>
  <testcase name="api_06_VerifyAddingMoreThanThreeHeroesToFight" time="0.022" classname="com.test_classes.add_hero_to_fight.AddMoreThanThreeHeroesToFightTest"/>
  <testcase name="api_06_VerifyAddingMoreThanThreeHeroesToFight" time="0.017" classname="com.test_classes.add_hero_to_fight.AddMoreThanThreeHeroesToFightTest"/>
  <testcase name="api_06_VerifyAddingMoreThanThreeHeroesToFight" time="0.021" classname="com.test_classes.add_hero_to_fight.AddMoreThanThreeHeroesToFightTest"/>
  <testcase name="api_06_VerifyAddingMoreThanThreeHeroesToFight" time="0.016" classname="com.test_classes.add_hero_to_fight.AddMoreThanThreeHeroesToFightTest"/>
  <testcase name="api_09_VerifyMakeHeroFight" time="0.011" classname="com.test_classes.make_them_fight.FightBetweenThreeHeroesTest"/>
  <testcase name="api_10_VerifyResetFight" time="0.014" classname="com.test_classes.ResetTheFightTest"/>
</testsuite> <!-- Make A Fight Between 4 Heroes -->
